Change Dir: 'C:/Users/danie/Desktop/smite-main/build'

Run Build Command(s): C:/PROGRA~1/MICROS~2/2022/COMMUN~1/Common7/IDE/COMMON~1/MICROS~1/CMake/Ninja/ninja.exe -v
[1/15] C:\PROGRA~1\MICROS~2\2022\COMMUN~1\VC\Tools\MSVC\1444~1.352\bin\Hostx64\x64\cl.exe  /nologo  -IC:\Users\danie\Desktop\smite-main\build\_deps\swift_subprocess-src\Sources\_SubprocessCShims\include /DWIN32 /D_WINDOWS /Ob0 /Od /RTC1 -MDd -Zi /showIncludes /Fo_deps\swift_subprocess-build\Sources\_SubprocessCShims\CMakeFiles\_SubprocessCShims.dir\process_shims.c.obj /Fd_deps\swift_subprocess-build\Sources\_SubprocessCShims\CMakeFiles\_SubprocessCShims.dir\_SubprocessCShims.pdb /FS -c C:\Users\danie\Desktop\smite-main\build\_deps\swift_subprocess-src\Sources\_SubprocessCShims\process_shims.c
FAILED: _deps/swift_subprocess-build/Sources/_SubprocessCShims/CMakeFiles/_SubprocessCShims.dir/process_shims.c.obj 
C:\PROGRA~1\MICROS~2\2022\COMMUN~1\VC\Tools\MSVC\1444~1.352\bin\Hostx64\x64\cl.exe  /nologo  -IC:\Users\danie\Desktop\smite-main\build\_deps\swift_subprocess-src\Sources\_SubprocessCShims\include /DWIN32 /D_WINDOWS /Ob0 /Od /RTC1 -MDd -Zi /showIncludes /Fo_deps\swift_subprocess-build\Sources\_SubprocessCShims\CMakeFiles\_SubprocessCShims.dir\process_shims.c.obj /Fd_deps\swift_subprocess-build\Sources\_SubprocessCShims\CMakeFiles\_SubprocessCShims.dir\_SubprocessCShims.pdb /FS -c C:\Users\danie\Desktop\smite-main\build\_deps\swift_subprocess-src\Sources\_SubprocessCShims\process_shims.c
C:\Program Files (x86)\Windows Kits\10\Include\10.0.26100.0\um\Windows.h(1): fatal error C1083: Cannot open include file: 'winapifamily.h': No such file or directory
[2/15] C:\Users\danie\AppData\Local\Programs\Swift\Toolchains\6.2.0+Asserts\usr\bin\swiftc.exe -j 16 -num-threads 16 -c  -parse-as-library -static -emit-module -emit-module-path swift\SystemPackage.swiftmodule -module-name SystemPackage -module-link-name SystemPackage -Onone -g -libc MDd -incremental -output-file-map _deps\swiftsystem-build\Sources\System\CMakeFiles\SystemPackage.dir\Debug\output-file-map.json -I C:\Users\danie\Desktop\smite-main\build\_deps\swiftsystem-src\Sources\CSystem\include C:\Users\danie\Desktop\smite-main\build\_deps\swiftsystem-src\Sources\System\Errno.swift C:\Users\danie\Desktop\smite-main\build\_deps\swiftsystem-src\Sources\System\FileDescriptor.swift C:\Users\danie\Desktop\smite-main\build\_deps\swiftsystem-src\Sources\System\FileHelpers.swift C:\Users\danie\Desktop\smite-main\build\_deps\swiftsystem-src\Sources\System\FileOperations.swift C:\Users\danie\Desktop\smite-main\build\_deps\swiftsystem-src\Sources\System\FilePermissions.swift C:\Users\danie\Desktop\smite-main\build\_deps\swiftsystem-src\Sources\System\MachPort.swift C:\Users\danie\Desktop\smite-main\build\_deps\swiftsystem-src\Sources\System\PlatformString.swift C:\Users\danie\Desktop\smite-main\build\_deps\swiftsystem-src\Sources\System\SystemString.swift C:\Users\danie\Desktop\smite-main\build\_deps\swiftsystem-src\Sources\System\Util.swift C:\Users\danie\Desktop\smite-main\build\_deps\swiftsystem-src\Sources\System\Util+StringArray.swift C:\Users\danie\Desktop\smite-main\build\_deps\swiftsystem-src\Sources\System\UtilConsumers.swift C:\Users\danie\Desktop\smite-main\build\_deps\swiftsystem-src\Sources\System\FilePath\FilePath.swift C:\Users\danie\Desktop\smite-main\build\_deps\swiftsystem-src\Sources\System\FilePath\FilePathComponents.swift C:\Users\danie\Desktop\smite-main\build\_deps\swiftsystem-src\Sources\System\FilePath\FilePathComponentView.swift C:\Users\danie\Desktop\smite-main\build\_deps\swiftsystem-src\Sources\System\FilePath\FilePathParsing.swift C:\Users\danie\Desktop\smite-main\build\_deps\swiftsystem-src\Sources\System\FilePath\FilePathString.swift C:\Users\danie\Desktop\smite-main\build\_deps\swiftsystem-src\Sources\System\FilePath\FilePathSyntax.swift C:\Users\danie\Desktop\smite-main\build\_deps\swiftsystem-src\Sources\System\FilePath\FilePathWindows.swift C:\Users\danie\Desktop\smite-main\build\_deps\swiftsystem-src\Sources\System\Internals\Backcompat.swift C:\Users\danie\Desktop\smite-main\build\_deps\swiftsystem-src\Sources\System\Internals\CInterop.swift C:\Users\danie\Desktop\smite-main\build\_deps\swiftsystem-src\Sources\System\Internals\Constants.swift C:\Users\danie\Desktop\smite-main\build\_deps\swiftsystem-src\Sources\System\Internals\Exports.swift C:\Users\danie\Desktop\smite-main\build\_deps\swiftsystem-src\Sources\System\Internals\Mocking.swift C:\Users\danie\Desktop\smite-main\build\_deps\swiftsystem-src\Sources\System\Internals\RawBuffer.swift C:\Users\danie\Desktop\smite-main\build\_deps\swiftsystem-src\Sources\System\Internals\Syscalls.swift C:\Users\danie\Desktop\smite-main\build\_deps\swiftsystem-src\Sources\System\Internals\WindowsSyscallAdapters.swift
FAILED: swift/SystemPackage.swiftmodule _deps/swiftsystem-build/Sources/System/CMakeFiles/SystemPackage.dir/Errno.swift.obj _deps/swiftsystem-build/Sources/System/CMakeFiles/SystemPackage.dir/FileDescriptor.swift.obj _deps/swiftsystem-build/Sources/System/CMakeFiles/SystemPackage.dir/FileHelpers.swift.obj _deps/swiftsystem-build/Sources/System/CMakeFiles/SystemPackage.dir/FileOperations.swift.obj _deps/swiftsystem-build/Sources/System/CMakeFiles/SystemPackage.dir/FilePermissions.swift.obj _deps/swiftsystem-build/Sources/System/CMakeFiles/SystemPackage.dir/MachPort.swift.obj _deps/swiftsystem-build/Sources/System/CMakeFiles/SystemPackage.dir/PlatformString.swift.obj _deps/swiftsystem-build/Sources/System/CMakeFiles/SystemPackage.dir/SystemString.swift.obj _deps/swiftsystem-build/Sources/System/CMakeFiles/SystemPackage.dir/Util.swift.obj _deps/swiftsystem-build/Sources/System/CMakeFiles/SystemPackage.dir/Util+StringArray.swift.obj _deps/swiftsystem-build/Sources/System/CMakeFiles/SystemPackage.dir/UtilConsumers.swift.obj _deps/swiftsystem-build/Sources/System/CMakeFiles/SystemPackage.dir/FilePath/FilePath.swift.obj _deps/swiftsystem-build/Sources/System/CMakeFiles/SystemPackage.dir/FilePath/FilePathComponents.swift.obj _deps/swiftsystem-build/Sources/System/CMakeFiles/SystemPackage.dir/FilePath/FilePathComponentView.swift.obj _deps/swiftsystem-build/Sources/System/CMakeFiles/SystemPackage.dir/FilePath/FilePathParsing.swift.obj _deps/swiftsystem-build/Sources/System/CMakeFiles/SystemPackage.dir/FilePath/FilePathString.swift.obj _deps/swiftsystem-build/Sources/System/CMakeFiles/SystemPackage.dir/FilePath/FilePathSyntax.swift.obj _deps/swiftsystem-build/Sources/System/CMakeFiles/SystemPackage.dir/FilePath/FilePathWindows.swift.obj _deps/swiftsystem-build/Sources/System/CMakeFiles/SystemPackage.dir/Internals/Backcompat.swift.obj _deps/swiftsystem-build/Sources/System/CMakeFiles/SystemPackage.dir/Internals/CInterop.swift.obj _deps/swiftsystem-build/Sources/System/CMakeFiles/SystemPackage.dir/Internals/Constants.swift.obj _deps/swiftsystem-build/Sources/System/CMakeFiles/SystemPackage.dir/Internals/Exports.swift.obj _deps/swiftsystem-build/Sources/System/CMakeFiles/SystemPackage.dir/Internals/Mocking.swift.obj _deps/swiftsystem-build/Sources/System/CMakeFiles/SystemPackage.dir/Internals/RawBuffer.swift.obj _deps/swiftsystem-build/Sources/System/CMakeFiles/SystemPackage.dir/Internals/Syscalls.swift.obj _deps/swiftsystem-build/Sources/System/CMakeFiles/SystemPackage.dir/Internals/WindowsSyscallAdapters.swift.obj 
C:\Users\danie\AppData\Local\Programs\Swift\Toolchains\6.2.0+Asserts\usr\bin\swiftc.exe -j 16 -num-threads 16 -c  -parse-as-library -static -emit-module -emit-module-path swift\SystemPackage.swiftmodule -module-name SystemPackage -module-link-name SystemPackage -Onone -g -libc MDd -incremental -output-file-map _deps\swiftsystem-build\Sources\System\CMakeFiles\SystemPackage.dir\Debug\output-file-map.json -I C:\Users\danie\Desktop\smite-main\build\_deps\swiftsystem-src\Sources\CSystem\include C:\Users\danie\Desktop\smite-main\build\_deps\swiftsystem-src\Sources\System\Errno.swift C:\Users\danie\Desktop\smite-main\build\_deps\swiftsystem-src\Sources\System\FileDescriptor.swift C:\Users\danie\Desktop\smite-main\build\_deps\swiftsystem-src\Sources\System\FileHelpers.swift C:\Users\danie\Desktop\smite-main\build\_deps\swiftsystem-src\Sources\System\FileOperations.swift C:\Users\danie\Desktop\smite-main\build\_deps\swiftsystem-src\Sources\System\FilePermissions.swift C:\Users\danie\Desktop\smite-main\build\_deps\swiftsystem-src\Sources\System\MachPort.swift C:\Users\danie\Desktop\smite-main\build\_deps\swiftsystem-src\Sources\System\PlatformString.swift C:\Users\danie\Desktop\smite-main\build\_deps\swiftsystem-src\Sources\System\SystemString.swift C:\Users\danie\Desktop\smite-main\build\_deps\swiftsystem-src\Sources\System\Util.swift C:\Users\danie\Desktop\smite-main\build\_deps\swiftsystem-src\Sources\System\Util+StringArray.swift C:\Users\danie\Desktop\smite-main\build\_deps\swiftsystem-src\Sources\System\UtilConsumers.swift C:\Users\danie\Desktop\smite-main\build\_deps\swiftsystem-src\Sources\System\FilePath\FilePath.swift C:\Users\danie\Desktop\smite-main\build\_deps\swiftsystem-src\Sources\System\FilePath\FilePathComponents.swift C:\Users\danie\Desktop\smite-main\build\_deps\swiftsystem-src\Sources\System\FilePath\FilePathComponentView.swift C:\Users\danie\Desktop\smite-main\build\_deps\swiftsystem-src\Sources\System\FilePath\FilePathParsing.swift C:\Users\danie\Desktop\smite-main\build\_deps\swiftsystem-src\Sources\System\FilePath\FilePathString.swift C:\Users\danie\Desktop\smite-main\build\_deps\swiftsystem-src\Sources\System\FilePath\FilePathSyntax.swift C:\Users\danie\Desktop\smite-main\build\_deps\swiftsystem-src\Sources\System\FilePath\FilePathWindows.swift C:\Users\danie\Desktop\smite-main\build\_deps\swiftsystem-src\Sources\System\Internals\Backcompat.swift C:\Users\danie\Desktop\smite-main\build\_deps\swiftsystem-src\Sources\System\Internals\CInterop.swift C:\Users\danie\Desktop\smite-main\build\_deps\swiftsystem-src\Sources\System\Internals\Constants.swift C:\Users\danie\Desktop\smite-main\build\_deps\swiftsystem-src\Sources\System\Internals\Exports.swift C:\Users\danie\Desktop\smite-main\build\_deps\swiftsystem-src\Sources\System\Internals\Mocking.swift C:\Users\danie\Desktop\smite-main\build\_deps\swiftsystem-src\Sources\System\Internals\RawBuffer.swift C:\Users\danie\Desktop\smite-main\build\_deps\swiftsystem-src\Sources\System\Internals\Syscalls.swift C:\Users\danie\Desktop\smite-main\build\_deps\swiftsystem-src\Sources\System\Internals\WindowsSyscallAdapters.swift
error: emit-module command failed with exit code 1 (use -v to see invocation)
<module-includes>:3:10: note: in file included from <module-includes>:3:
1 | #include "CSystemLinux.h"
2 | #include "CSystemWASI.h"
3 | #include "CSystemWindows.h"
  |          `- note: in file included from <module-includes>:3:
4 | 

C:\Users\danie\Desktop\smite-main\build\_deps\swiftsystem-src\Sources\CSystem\include\CSystemWindows.h:15:10: note: in file included from C:\Users\danie\Desktop\smite-main\build\_deps\swiftsystem-src\Sources\CSystem\include\CSystemWindows.h:15:
13 | #define WIN32_LEAN_AND_MEAN
14 | #define VC_EXTRA_LEAN
15 | #include <Windows.h>
   |          `- note: in file included from C:\Users\danie\Desktop\smite-main\build\_deps\swiftsystem-src\Sources\CSystem\include\CSystemWindows.h:15:
16 | 
17 | #endif

C:\Program Files (x86)\Windows Kits\10\Include\10.0.26100.0\um\Windows.h:1:10: error: 'winapifamily.h' file not found
  1 | #include <winapifamily.h>
    |          `- error: 'winapifamily.h' file not found
  2 | 
  3 | /*++ BUILD Version: 0001    Increment this if a change has global effects

C:\Users\danie\Desktop\smite-main\build\_deps\swiftsystem-src\Sources\System\Internals\CInterop.swift:13:8: error: could not build C module 'CSystem'
11 | import Darwin
12 | #elseif os(Windows)
13 | import CSystem
   |        `- error: could not build C module 'CSystem'
14 | import ucrt
15 | #elseif canImport(Glibc)
<module-includes>:3:10: note: in file included from <module-includes>:3:
1 | #include "CSystemLinux.h"
2 | #include "CSystemWASI.h"
3 | #include "CSystemWindows.h"
  |          `- note: in file included from <module-includes>:3:
4 | 

C:\Users\danie\Desktop\smite-main\build\_deps\swiftsystem-src\Sources\CSystem\include\CSystemWindows.h:15:10: note: in file included from C:\Users\danie\Desktop\smite-main\build\_deps\swiftsystem-src\Sources\CSystem\include\CSystemWindows.h:15:
13 | #define WIN32_LEAN_AND_MEAN
14 | #define VC_EXTRA_LEAN
15 | #include <Windows.h>
   |          `- note: in file included from C:\Users\danie\Desktop\smite-main\build\_deps\swiftsystem-src\Sources\CSystem\include\CSystemWindows.h:15:
16 | 
17 | #endif

C:\Program Files (x86)\Windows Kits\10\Include\10.0.26100.0\um\Windows.h:1:10: error: 'winapifamily.h' file not found
  1 | #include <winapifamily.h>
    |          `- error: 'winapifamily.h' file not found
  2 | 
  3 | /*++ BUILD Version: 0001    Increment this if a change has global effects

C:\Users\danie\Desktop\smite-main\build\_deps\swiftsystem-src\Sources\System\Internals\CInterop.swift:13:8: error: could not build C module 'CSystem'
11 | import Darwin
12 | #elseif os(Windows)
13 | import CSystem
   |        `- error: could not build C module 'CSystem'
14 | import ucrt
15 | #elseif canImport(Glibc)

C:\Program Files (x86)\Windows Kits\10\Include\10.0.26100.0\um\WinSock2.h:20:10: error: 'winapifamily.h' file not found
  18 | 
  19 | #pragma once
  20 | #include <winapifamily.h>
     |          `- error: 'winapifamily.h' file not found
  21 | 
  22 | #if !defined(_WINSOCK_DEPRECATED_BY)

C:\Users\danie\AppData\Local\Programs\Swift\Platforms\6.2.0\Windows.platform\Developer\SDKs\Windows.sdk\usr\lib\swift\windows\WinSDK.swiftmodule\x86_64-unknown-windows-msvc.swiftinterface:6:19: error: could not build C module 'WinSDK'
  4 | // swift-module-flags-ignorable: -enable-lexical-lifetimes=false -enable-ossa-modules -formal-cxx-interoperability-mode=off -interface-compiler-version 6.2
  5 | import Swift
  6 | @_exported import WinSDK
    |                   `- error: could not build C module 'WinSDK'
  7 | @_exported import ucrt
  8 | @inlinable public var HANDLE_FLAG_INHERIT: WinSDK.DWORD {
<module-includes>:3:10: note: in file included from <module-includes>:3:
1 | #include "CSystemLinux.h"
2 | #include "CSystemWASI.h"
3 | #include "CSystemWindows.h"
  |          `- note: in file included from <module-includes>:3:
4 | 

C:\Users\danie\Desktop\smite-main\build\_deps\swiftsystem-src\Sources\CSystem\include\CSystemWindows.h:15:10: note: in file included from C:\Users\danie\Desktop\smite-main\build\_deps\swiftsystem-src\Sources\CSystem\include\CSystemWindows.h:15:
13 | #define WIN32_LEAN_AND_MEAN
14 | #define VC_EXTRA_LEAN
15 | #include <Windows.h>
   |          `- note: in file included from C:\Users\danie\Desktop\smite-main\build\_deps\swiftsystem-src\Sources\CSystem\include\CSystemWindows.h:15:
16 | 
17 | #endif

C:\Program Files (x86)\Windows Kits\10\Include\10.0.26100.0\um\Windows.h:1:10: error: 'winapifamily.h' file not found
  1 | #include <winapifamily.h>
    |          `- error: 'winapifamily.h' file not found
  2 | 
  3 | /*++ BUILD Version: 0001    Increment this if a change has global effects

C:\Users\danie\Desktop\smite-main\build\_deps\swiftsystem-src\Sources\System\Internals\CInterop.swift:13:8: error: could not build C module 'CSystem'
11 | import Darwin
12 | #elseif os(Windows)
13 | import CSystem
   |        `- error: could not build C module 'CSystem'
14 | import ucrt
15 | #elseif canImport(Glibc)
<module-includes>:3:10: note: in file included from <module-includes>:3:
1 | #include "CSystemLinux.h"
2 | #include "CSystemWASI.h"
3 | #include "CSystemWindows.h"
  |          `- note: in file included from <module-includes>:3:
4 | 

C:\Users\danie\Desktop\smite-main\build\_deps\swiftsystem-src\Sources\CSystem\include\CSystemWindows.h:15:10: note: in file included from C:\Users\danie\Desktop\smite-main\build\_deps\swiftsystem-src\Sources\CSystem\include\CSystemWindows.h:15:
13 | #define WIN32_LEAN_AND_MEAN
14 | #define VC_EXTRA_LEAN
15 | #include <Windows.h>
   |          `- note: in file included from C:\Users\danie\Desktop\smite-main\build\_deps\swiftsystem-src\Sources\CSystem\include\CSystemWindows.h:15:
16 | 
17 | #endif

C:\Program Files (x86)\Windows Kits\10\Include\10.0.26100.0\um\Windows.h:1:10: error: 'winapifamily.h' file not found
  1 | #include <winapifamily.h>
    |          `- error: 'winapifamily.h' file not found
  2 | 
  3 | /*++ BUILD Version: 0001    Increment this if a change has global effects

C:\Users\danie\Desktop\smite-main\build\_deps\swiftsystem-src\Sources\System\Internals\CInterop.swift:13:8: error: could not build C module 'CSystem'
11 | import Darwin
12 | #elseif os(Windows)
13 | import CSystem
   |        `- error: could not build C module 'CSystem'
14 | import ucrt
15 | #elseif canImport(Glibc)
<module-includes>:3:10: note: in file included from <module-includes>:3:
1 | #include "CSystemLinux.h"
2 | #include "CSystemWASI.h"
3 | #include "CSystemWindows.h"
  |          `- note: in file included from <module-includes>:3:
4 | 

C:\Users\danie\Desktop\smite-main\build\_deps\swiftsystem-src\Sources\CSystem\include\CSystemWindows.h:15:10: note: in file included from C:\Users\danie\Desktop\smite-main\build\_deps\swiftsystem-src\Sources\CSystem\include\CSystemWindows.h:15:
13 | #define WIN32_LEAN_AND_MEAN
14 | #define VC_EXTRA_LEAN
15 | #include <Windows.h>
   |          `- note: in file included from C:\Users\danie\Desktop\smite-main\build\_deps\swiftsystem-src\Sources\CSystem\include\CSystemWindows.h:15:
16 | 
17 | #endif

C:\Program Files (x86)\Windows Kits\10\Include\10.0.26100.0\um\Windows.h:1:10: error: 'winapifamily.h' file not found
  1 | #include <winapifamily.h>
    |          `- error: 'winapifamily.h' file not found
  2 | 
  3 | /*++ BUILD Version: 0001    Increment this if a change has global effects

C:\Users\danie\Desktop\smite-main\build\_deps\swiftsystem-src\Sources\System\Internals\CInterop.swift:13:8: error: could not build C module 'CSystem'
11 | import Darwin
12 | #elseif os(Windows)
13 | import CSystem
   |        `- error: could not build C module 'CSystem'
14 | import ucrt
15 | #elseif canImport(Glibc)
<module-includes>:3:10: note: in file included from <module-includes>:3:
1 | #include "CSystemLinux.h"
2 | #include "CSystemWASI.h"
3 | #include "CSystemWindows.h"
  |          `- note: in file included from <module-includes>:3:
4 | 

C:\Users\danie\Desktop\smite-main\build\_deps\swiftsystem-src\Sources\CSystem\include\CSystemWindows.h:15:10: note: in file included from C:\Users\danie\Desktop\smite-main\build\_deps\swiftsystem-src\Sources\CSystem\include\CSystemWindows.h:15:
13 | #define WIN32_LEAN_AND_MEAN
14 | #define VC_EXTRA_LEAN
15 | #include <Windows.h>
   |          `- note: in file included from C:\Users\danie\Desktop\smite-main\build\_deps\swiftsystem-src\Sources\CSystem\include\CSystemWindows.h:15:
16 | 
17 | #endif

C:\Program Files (x86)\Windows Kits\10\Include\10.0.26100.0\um\Windows.h:1:10: error: 'winapifamily.h' file not found
  1 | #include <winapifamily.h>
    |          `- error: 'winapifamily.h' file not found
  2 | 
  3 | /*++ BUILD Version: 0001    Increment this if a change has global effects

C:\Users\danie\Desktop\smite-main\build\_deps\swiftsystem-src\Sources\System\Internals\CInterop.swift:13:8: error: could not build C module 'CSystem'
11 | import Darwin
12 | #elseif os(Windows)
13 | import CSystem
   |        `- error: could not build C module 'CSystem'
14 | import ucrt
15 | #elseif canImport(Glibc)
<module-includes>:3:10: note: in file included from <module-includes>:3:
1 | #include "CSystemLinux.h"
2 | #include "CSystemWASI.h"
3 | #include "CSystemWindows.h"
  |          `- note: in file included from <module-includes>:3:
4 | 

C:\Users\danie\Desktop\smite-main\build\_deps\swiftsystem-src\Sources\CSystem\include\CSystemWindows.h:15:10: note: in file included from C:\Users\danie\Desktop\smite-main\build\_deps\swiftsystem-src\Sources\CSystem\include\CSystemWindows.h:15:
13 | #define WIN32_LEAN_AND_MEAN
14 | #define VC_EXTRA_LEAN
15 | #include <Windows.h>
   |          `- note: in file included from C:\Users\danie\Desktop\smite-main\build\_deps\swiftsystem-src\Sources\CSystem\include\CSystemWindows.h:15:
16 | 
17 | #endif

C:\Program Files (x86)\Windows Kits\10\Include\10.0.26100.0\um\Windows.h:1:10: error: 'winapifamily.h' file not found
  1 | #include <winapifamily.h>
    |          `- error: 'winapifamily.h' file not found
  2 | 
  3 | /*++ BUILD Version: 0001    Increment this if a change has global effects

C:\Users\danie\Desktop\smite-main\build\_deps\swiftsystem-src\Sources\System\Internals\CInterop.swift:13:8: error: could not build C module 'CSystem'
11 | import Darwin
12 | #elseif os(Windows)
13 | import CSystem
   |        `- error: could not build C module 'CSystem'
14 | import ucrt
15 | #elseif canImport(Glibc)
<module-includes>:3:10: note: in file included from <module-includes>:3:
1 | #include "CSystemLinux.h"
2 | #include "CSystemWASI.h"
3 | #include "CSystemWindows.h"
  |          `- note: in file included from <module-includes>:3:
4 | 

C:\Users\danie\Desktop\smite-main\build\_deps\swiftsystem-src\Sources\CSystem\include\CSystemWindows.h:15:10: note: in file included from C:\Users\danie\Desktop\smite-main\build\_deps\swiftsystem-src\Sources\CSystem\include\CSystemWindows.h:15:
13 | #define WIN32_LEAN_AND_MEAN
14 | #define VC_EXTRA_LEAN
15 | #include <Windows.h>
   |          `- note: in file included from C:\Users\danie\Desktop\smite-main\build\_deps\swiftsystem-src\Sources\CSystem\include\CSystemWindows.h:15:
16 | 
17 | #endif

C:\Program Files (x86)\Windows Kits\10\Include\10.0.26100.0\um\Windows.h:1:10: error: 'winapifamily.h' file not found
  1 | #include <winapifamily.h>
    |          `- error: 'winapifamily.h' file not found
  2 | 
  3 | /*++ BUILD Version: 0001    Increment this if a change has global effects

C:\Users\danie\Desktop\smite-main\build\_deps\swiftsystem-src\Sources\System\Internals\CInterop.swift:13:8: error: could not build C module 'CSystem'
11 | import Darwin
12 | #elseif os(Windows)
13 | import CSystem
   |        `- error: could not build C module 'CSystem'
14 | import ucrt
15 | #elseif canImport(Glibc)
<module-includes>:3:10: note: in file included from <module-includes>:3:
1 | #include "CSystemLinux.h"
2 | #include "CSystemWASI.h"
3 | #include "CSystemWindows.h"
  |          `- note: in file included from <module-includes>:3:
4 | 

C:\Users\danie\Desktop\smite-main\build\_deps\swiftsystem-src\Sources\CSystem\include\CSystemWindows.h:15:10: note: in file included from C:\Users\danie\Desktop\smite-main\build\_deps\swiftsystem-src\Sources\CSystem\include\CSystemWindows.h:15:
13 | #define WIN32_LEAN_AND_MEAN
14 | #define VC_EXTRA_LEAN
15 | #include <Windows.h>
   |          `- note: in file included from C:\Users\danie\Desktop\smite-main\build\_deps\swiftsystem-src\Sources\CSystem\include\CSystemWindows.h:15:
16 | 
17 | #endif

C:\Program Files (x86)\Windows Kits\10\Include\10.0.26100.0\um\Windows.h:1:10: error: 'winapifamily.h' file not found
  1 | #include <winapifamily.h>
    |          `- error: 'winapifamily.h' file not found
  2 | 
  3 | /*++ BUILD Version: 0001    Increment this if a change has global effects

C:\Users\danie\Desktop\smite-main\build\_deps\swiftsystem-src\Sources\System\Internals\CInterop.swift:13:8: error: could not build C module 'CSystem'
11 | import Darwin
12 | #elseif os(Windows)
13 | import CSystem
   |        `- error: could not build C module 'CSystem'
14 | import ucrt
15 | #elseif canImport(Glibc)
<module-includes>:3:10: note: in file included from <module-includes>:3:
1 | #include "CSystemLinux.h"
2 | #include "CSystemWASI.h"
3 | #include "CSystemWindows.h"
  |          `- note: in file included from <module-includes>:3:
4 | 

C:\Users\danie\Desktop\smite-main\build\_deps\swiftsystem-src\Sources\CSystem\include\CSystemWindows.h:15:10: note: in file included from C:\Users\danie\Desktop\smite-main\build\_deps\swiftsystem-src\Sources\CSystem\include\CSystemWindows.h:15:
13 | #define WIN32_LEAN_AND_MEAN
14 | #define VC_EXTRA_LEAN
15 | #include <Windows.h>
   |          `- note: in file included from C:\Users\danie\Desktop\smite-main\build\_deps\swiftsystem-src\Sources\CSystem\include\CSystemWindows.h:15:
16 | 
17 | #endif

C:\Program Files (x86)\Windows Kits\10\Include\10.0.26100.0\um\Windows.h:1:10: error: 'winapifamily.h' file not found
  1 | #include <winapifamily.h>
    |          `- error: 'winapifamily.h' file not found
  2 | 
  3 | /*++ BUILD Version: 0001    Increment this if a change has global effects

C:\Users\danie\Desktop\smite-main\build\_deps\swiftsystem-src\Sources\System\Internals\CInterop.swift:13:8: error: could not build C module 'CSystem'
11 | import Darwin
12 | #elseif os(Windows)
13 | import CSystem
   |        `- error: could not build C module 'CSystem'
14 | import ucrt
15 | #elseif canImport(Glibc)
<module-includes>:3:10: note: in file included from <module-includes>:3:
1 | #include "CSystemLinux.h"
2 | #include "CSystemWASI.h"
3 | #include "CSystemWindows.h"
  |          `- note: in file included from <module-includes>:3:
4 | 

C:\Users\danie\Desktop\smite-main\build\_deps\swiftsystem-src\Sources\CSystem\include\CSystemWindows.h:15:10: note: in file included from C:\Users\danie\Desktop\smite-main\build\_deps\swiftsystem-src\Sources\CSystem\include\CSystemWindows.h:15:
13 | #define WIN32_LEAN_AND_MEAN
14 | #define VC_EXTRA_LEAN
15 | #include <Windows.h>
   |          `- note: in file included from C:\Users\danie\Desktop\smite-main\build\_deps\swiftsystem-src\Sources\CSystem\include\CSystemWindows.h:15:
16 | 
17 | #endif

C:\Program Files (x86)\Windows Kits\10\Include\10.0.26100.0\um\Windows.h:1:10: error: 'winapifamily.h' file not found
  1 | #include <winapifamily.h>
    |          `- error: 'winapifamily.h' file not found
  2 | 
  3 | /*++ BUILD Version: 0001    Increment this if a change has global effects

C:\Users\danie\Desktop\smite-main\build\_deps\swiftsystem-src\Sources\System\Internals\CInterop.swift:13:8: error: could not build C module 'CSystem'
11 | import Darwin
12 | #elseif os(Windows)
13 | import CSystem
   |        `- error: could not build C module 'CSystem'
14 | import ucrt
15 | #elseif canImport(Glibc)
<module-includes>:3:10: note: in file included from <module-includes>:3:
1 | #include "CSystemLinux.h"
2 | #include "CSystemWASI.h"
3 | #include "CSystemWindows.h"
  |          `- note: in file included from <module-includes>:3:
4 | 

C:\Users\danie\Desktop\smite-main\build\_deps\swiftsystem-src\Sources\CSystem\include\CSystemWindows.h:15:10: note: in file included from C:\Users\danie\Desktop\smite-main\build\_deps\swiftsystem-src\Sources\CSystem\include\CSystemWindows.h:15:
13 | #define WIN32_LEAN_AND_MEAN
14 | #define VC_EXTRA_LEAN
15 | #include <Windows.h>
   |          `- note: in file included from C:\Users\danie\Desktop\smite-main\build\_deps\swiftsystem-src\Sources\CSystem\include\CSystemWindows.h:15:
16 | 
17 | #endif

C:\Program Files (x86)\Windows Kits\10\Include\10.0.26100.0\um\Windows.h:1:10: error: 'winapifamily.h' file not found
  1 | #include <winapifamily.h>
    |          `- error: 'winapifamily.h' file not found
  2 | 
  3 | /*++ BUILD Version: 0001    Increment this if a change has global effects

C:\Users\danie\Desktop\smite-main\build\_deps\swiftsystem-src\Sources\System\Internals\CInterop.swift:13:8: error: could not build C module 'CSystem'
11 | import Darwin
12 | #elseif os(Windows)
13 | import CSystem
   |        `- error: could not build C module 'CSystem'
14 | import ucrt
15 | #elseif canImport(Glibc)
<module-includes>:3:10: note: in file included from <module-includes>:3:
1 | #include "CSystemLinux.h"
2 | #include "CSystemWASI.h"
3 | #include "CSystemWindows.h"
  |          `- note: in file included from <module-includes>:3:
4 | 

C:\Users\danie\Desktop\smite-main\build\_deps\swiftsystem-src\Sources\CSystem\include\CSystemWindows.h:15:10: note: in file included from C:\Users\danie\Desktop\smite-main\build\_deps\swiftsystem-src\Sources\CSystem\include\CSystemWindows.h:15:
13 | #define WIN32_LEAN_AND_MEAN
14 | #define VC_EXTRA_LEAN
15 | #include <Windows.h>
   |          `- note: in file included from C:\Users\danie\Desktop\smite-main\build\_deps\swiftsystem-src\Sources\CSystem\include\CSystemWindows.h:15:
16 | 
17 | #endif

C:\Program Files (x86)\Windows Kits\10\Include\10.0.26100.0\um\Windows.h:1:10: error: 'winapifamily.h' file not found
  1 | #include <winapifamily.h>
    |          `- error: 'winapifamily.h' file not found
  2 | 
  3 | /*++ BUILD Version: 0001    Increment this if a change has global effects

C:\Users\danie\Desktop\smite-main\build\_deps\swiftsystem-src\Sources\System\Internals\CInterop.swift:13:8: error: could not build C module 'CSystem'
11 | import Darwin
12 | #elseif os(Windows)
13 | import CSystem
   |        `- error: could not build C module 'CSystem'
14 | import ucrt
15 | #elseif canImport(Glibc)
<module-includes>:3:10: note: in file included from <module-includes>:3:
1 | #include "CSystemLinux.h"
2 | #include "CSystemWASI.h"
3 | #include "CSystemWindows.h"
  |          `- note: in file included from <module-includes>:3:
4 | 

C:\Users\danie\Desktop\smite-main\build\_deps\swiftsystem-src\Sources\CSystem\include\CSystemWindows.h:15:10: note: in file included from C:\Users\danie\Desktop\smite-main\build\_deps\swiftsystem-src\Sources\CSystem\include\CSystemWindows.h:15:
13 | #define WIN32_LEAN_AND_MEAN
14 | #define VC_EXTRA_LEAN
15 | #include <Windows.h>
   |          `- note: in file included from C:\Users\danie\Desktop\smite-main\build\_deps\swiftsystem-src\Sources\CSystem\include\CSystemWindows.h:15:
16 | 
17 | #endif

C:\Program Files (x86)\Windows Kits\10\Include\10.0.26100.0\um\Windows.h:1:10: error: 'winapifamily.h' file not found
  1 | #include <winapifamily.h>
    |          `- error: 'winapifamily.h' file not found
  2 | 
  3 | /*++ BUILD Version: 0001    Increment this if a change has global effects

C:\Users\danie\Desktop\smite-main\build\_deps\swiftsystem-src\Sources\System\Internals\CInterop.swift:13:8: error: could not build C module 'CSystem'
11 | import Darwin
12 | #elseif os(Windows)
13 | import CSystem
   |        `- error: could not build C module 'CSystem'
14 | import ucrt
15 | #elseif canImport(Glibc)
<module-includes>:3:10: note: in file included from <module-includes>:3:
1 | #include "CSystemLinux.h"
2 | #include "CSystemWASI.h"
3 | #include "CSystemWindows.h"
  |          `- note: in file included from <module-includes>:3:
4 | 

C:\Users\danie\Desktop\smite-main\build\_deps\swiftsystem-src\Sources\CSystem\include\CSystemWindows.h:15:10: note: in file included from C:\Users\danie\Desktop\smite-main\build\_deps\swiftsystem-src\Sources\CSystem\include\CSystemWindows.h:15:
13 | #define WIN32_LEAN_AND_MEAN
14 | #define VC_EXTRA_LEAN
15 | #include <Windows.h>
   |          `- note: in file included from C:\Users\danie\Desktop\smite-main\build\_deps\swiftsystem-src\Sources\CSystem\include\CSystemWindows.h:15:
16 | 
17 | #endif

C:\Program Files (x86)\Windows Kits\10\Include\10.0.26100.0\um\Windows.h:1:10: error: 'winapifamily.h' file not found
  1 | #include <winapifamily.h>
    |          `- error: 'winapifamily.h' file not found
  2 | 
  3 | /*++ BUILD Version: 0001    Increment this if a change has global effects

C:\Users\danie\Desktop\smite-main\build\_deps\swiftsystem-src\Sources\System\Internals\CInterop.swift:13:8: error: could not build C module 'CSystem'
11 | import Darwin
12 | #elseif os(Windows)
13 | import CSystem
   |        `- error: could not build C module 'CSystem'
14 | import ucrt
15 | #elseif canImport(Glibc)
<module-includes>:3:10: note: in file included from <module-includes>:3:
1 | #include "CSystemLinux.h"
2 | #include "CSystemWASI.h"
3 | #include "CSystemWindows.h"
  |          `- note: in file included from <module-includes>:3:
4 | 

C:\Users\danie\Desktop\smite-main\build\_deps\swiftsystem-src\Sources\CSystem\include\CSystemWindows.h:15:10: note: in file included from C:\Users\danie\Desktop\smite-main\build\_deps\swiftsystem-src\Sources\CSystem\include\CSystemWindows.h:15:
13 | #define WIN32_LEAN_AND_MEAN
14 | #define VC_EXTRA_LEAN
15 | #include <Windows.h>
   |          `- note: in file included from C:\Users\danie\Desktop\smite-main\build\_deps\swiftsystem-src\Sources\CSystem\include\CSystemWindows.h:15:
16 | 
17 | #endif

C:\Program Files (x86)\Windows Kits\10\Include\10.0.26100.0\um\Windows.h:1:10: error: 'winapifamily.h' file not found
  1 | #include <winapifamily.h>
    |          `- error: 'winapifamily.h' file not found
  2 | 
  3 | /*++ BUILD Version: 0001    Increment this if a change has global effects

C:\Users\danie\Desktop\smite-main\build\_deps\swiftsystem-src\Sources\System\Internals\CInterop.swift:13:8: error: could not build C module 'CSystem'
11 | import Darwin
12 | #elseif os(Windows)
13 | import CSystem
   |        `- error: could not build C module 'CSystem'
14 | import ucrt
15 | #elseif canImport(Glibc)
ninja: build stopped: subcommand failed.

